<?xml version="1.0" encoding="UTF-8"?>
<testsuite xmlns:xsi="http://www.w3.org/2001/XMLSchema-instance" xsi:noNamespaceSchemaLocation="https://maven.apache.org/surefire/maven-surefire-plugin/xsd/surefire-test-report.xsd" name="com.javawithprince.AppTest" time="0.062" tests="3" errors="2" skipped="0" failures="0">
  <properties>
[...]
</properties>
  <testcase name="detectCycleTest" classname="com.javawithprince.AppTest" time="0.008"/>
  <testcase name="recursivelyRemoveDependencyt" classname="com.javawithprince.AppTest" time="0.007">
    <error message="Cyclic depedencies detected" type="java.lang.IllegalArgumentException">java.lang.IllegalArgumentException: Cyclic depedencies detected
	at com.javawithprince.AppTest.recursivelyRemoveDependencyt(AppTest.java:82)
</error>
  </testcase>
  <testcase name="longInterdependentTest" classname="com.javawithprince.AppTest" time="0.003">
    <error message="Cyclic depedencies detected" type="java.lang.IllegalArgumentException">java.lang.IllegalArgumentException: Cyclic depedencies detected
	at com.javawithprince.AppTest.longInterdependentTest(AppTest.java:43)
</error>
  </testcase>
</testsuite>